\BOOKMARK [0][]{chapter.1}{\376\377\0001\000\040\000D\000y\000n\000a\000m\000i\000c\000\040\000C\000l\000a\000s\000s\000i\000f\000i\000c\000a\000t\000i\000o\000n\000\040\000E\000n\000s\000e\000m\000b\000l\000e\000s\000\040\000f\000o\000r\000\040\000H\000a\000n\000d\000l\000i\000n\000g\000\040\000I\000m\000b\000a\000l\000a\000n\000c\000e\000d\000\040\000M\000u\000l\000t\000i\000c\000l\000a\000s\000s\000\040\000D\000r\000i\000f\000t\000e\000d\000\040\000D\000a\000t\000a\000\040\000S\000t\000r\000e\000a\000m\000s}{}% 1
\BOOKMARK [1][]{section.1.1}{\376\377\0001\000.\0001\000\040\000M\000o\000t\000i\000v\000a\000t\000i\000o\000n\000s\000\040\000a\000n\000d\000\040\000C\000o\000n\000t\000r\000i\000b\000u\000t\000i\000o\000n\000s\000\040\000o\000f\000\040\000t\000h\000i\000s\000\040\000C\000h\000a\000p\000t\000e\000r}{chapter.1}% 2
\BOOKMARK [1][]{section.1.2}{\376\377\0001\000.\0002\000\040\000P\000r\000o\000p\000o\000s\000e\000d\000\040\000M\000e\000t\000h\000o\000d\000o\000l\000o\000g\000y}{chapter.1}% 3
\BOOKMARK [2][]{subsection.1.2.1}{\376\377\0001\000.\0002\000.\0001\000\040\000F\000i\000r\000s\000t\000\040\000P\000r\000o\000p\000o\000s\000e\000d\000\040\000A\000p\000p\000r\000o\000a\000c\000h\000\040\000\050\000P\000A\0001\000\051\000\040\000D\000e\000s\000c\000r\000i\000p\000t\000i\000o\000n}{section.1.2}% 4
\BOOKMARK [2][]{subsection.1.2.2}{\376\377\0001\000.\0002\000.\0002\000\040\000S\000y\000n\000t\000h\000e\000t\000i\000c\000\040\000D\000a\000t\000a\000\040\000G\000e\000n\000e\000r\000a\000t\000o\000r\000\040\000P\000h\000a\000s\000e\000\040\000D\000e\000s\000c\000r\000i\000p\000t\000i\000o\000n}{section.1.2}% 5
\BOOKMARK [1][]{section.1.3}{\376\377\0001\000.\0003\000\040\000M\000a\000t\000h\000e\000m\000a\000t\000i\000c\000a\000l\000\040\000F\000o\000u\000n\000d\000a\000t\000i\000o\000n\000\040\000f\000o\000r\000\040\000P\000A\0001}{chapter.1}% 6
\BOOKMARK [1][]{section.1.4}{\376\377\0001\000.\0004\000\040\000E\000x\000p\000e\000r\000i\000m\000e\000n\000t\000a\000l\000\040\000R\000e\000s\000u\000l\000t\000s}{chapter.1}% 7
\BOOKMARK [2][]{subsection.1.4.1}{\376\377\0001\000.\0004\000.\0001\000\040\000E\000x\000p\000e\000r\000i\000m\000e\000n\000t\000a\000l\000\040\000s\000e\000t\000u\000p}{section.1.4}% 8
\BOOKMARK [2][]{subsection.1.4.2}{\376\377\0001\000.\0004\000.\0002\000\040\000D\000a\000t\000a\000\040\000S\000t\000r\000e\000a\000m\000s}{section.1.4}% 9
\BOOKMARK [2][]{subsection.1.4.3}{\376\377\0001\000.\0004\000.\0003\000\040\000A\000n\000a\000l\000y\000s\000i\000s\000\040\000o\000f\000\040\000E\000x\000p\000e\000r\000i\000m\000e\000n\000t\000a\000l\000\040\000R\000e\000s\000u\000l\000t\000s}{section.1.4}% 10
\BOOKMARK [3][]{subsubsection.1.4.3.1}{\376\377\0001\000.\0004\000.\0003\000.\0001\000\040\000R\000e\000s\000u\000l\000t\000s\000\040\000o\000n\000\040\000t\000h\000e\000\040\000B\000e\000n\000c\000h\000m\000a\000r\000k\000\040\000S\000t\000r\000e\000a\000m}{subsection.1.4.3}% 11
\BOOKMARK [3][]{subsubsection.1.4.3.2}{\376\377\0001\000.\0004\000.\0003\000.\0002\000\040\000R\000e\000s\000u\000l\000t\000s\000\040\000o\000n\000\040\000t\000h\000e\000\040\000R\000e\000a\000l\000\040\000A\000p\000p\000l\000i\000c\000a\000t\000i\000o\000n\000\040\000S\000t\000r\000e\000a\000m}{subsection.1.4.3}% 12
\BOOKMARK [3][]{subsubsection.1.4.3.3}{\376\377\0001\000.\0004\000.\0003\000.\0003\000\040\000R\000e\000s\000u\000l\000t\000s\000\040\000o\000n\000\040\000t\000h\000e\000\040\000S\000y\000n\000t\000h\000e\000t\000i\000c\000\040\000S\000t\000r\000e\000a\000m}{subsection.1.4.3}% 13
\BOOKMARK [2][]{subsection.1.4.4}{\376\377\0001\000.\0004\000.\0004\000\040\000A\000n\000a\000l\000y\000s\000i\000s\000\040\000o\000f\000\040\000O\000v\000e\000r\000l\000a\000p\000o\000i\000n\000g\000\040\000b\000e\000t\000w\000e\000e\000n\000\040\000P\000A\0001\000,\000\040\000M\000L\000S\000M\000O\000T\000E\000,\000\040\000a\000n\000d\000\040\000M\000L\000S\000O\000L\000.}{section.1.4}% 14
\BOOKMARK [2][]{subsection.1.4.5}{\376\377\0001\000.\0004\000.\0005\000\040\000A\000n\000a\000l\000y\000z\000i\000n\000g\000\040\000R\000u\000n\000t\000i\000m\000e\000\040\000B\000e\000t\000w\000e\000e\000n\000\040\000P\000A\0001\000,\000\040\000M\000L\000S\000M\000O\000T\000E\000,\000\040\000a\000n\000d\000\040\000M\000L\000S\000O\000L\000.}{section.1.4}% 15
\BOOKMARK [2][]{subsection.1.4.6}{\376\377\0001\000.\0004\000.\0006\000\040\000A\000n\000a\000l\000y\000z\000i\000n\000g\000\040\000N\000o\000n\000-\000p\000a\000r\000a\000m\000e\000t\000r\000i\000c\000\040\000T\000e\000s\000t\000s\000\040\000b\000e\000t\000w\000e\000e\000n\000\040\000P\000A\0001\000,\000\040\000M\000L\000S\000M\000O\000T\000E\000,\000\040\000a\000n\000d\000\040\000M\000L\000S\000O\000L\000.}{section.1.4}% 16
\BOOKMARK [1][]{section.1.5}{\376\377\0001\000.\0005\000\040\000S\000u\000m\000m\000a\000r\000y}{chapter.1}% 17
\BOOKMARK [0][]{chapter.2}{\376\377\0002\000\040\000A\000d\000d\000r\000e\000s\000s\000i\000n\000g\000\040\000E\000m\000e\000r\000g\000i\000n\000g\000\040\000N\000e\000w\000\040\000C\000l\000a\000s\000s\000e\000s\000\040\000i\000n\000\040\000I\000n\000c\000r\000e\000m\000e\000n\000t\000a\000l\000\040\000S\000t\000r\000e\000a\000m\000s\000\040\000v\000i\000a\000\040\000C\000o\000n\000c\000e\000p\000t\000\040\000D\000r\000i\000f\000t\000\040\000T\000e\000c\000h\000n\000i\000q\000u\000e\000s}{}% 18
\BOOKMARK [1][]{section.2.1}{\376\377\0002\000.\0001\000\040\000M\000o\000t\000i\000v\000a\000t\000i\000o\000n\000s\000\040\000a\000n\000d\000\040\000C\000o\000n\000t\000r\000i\000b\000u\000t\000i\000o\000n\000s\000\040\000o\000f\000\040\000t\000h\000i\000s\000\040\000C\000h\000a\000p\000t\000e\000r}{chapter.2}% 19
\BOOKMARK [1][]{section.2.2}{\376\377\0002\000.\0002\000\040\000P\000r\000o\000p\000o\000s\000e\000d\000\040\000M\000e\000t\000h\000o\000d\000o\000l\000o\000g\000y}{chapter.2}% 20
\BOOKMARK [2][]{subsection.2.2.1}{\376\377\0002\000.\0002\000.\0001\000\040\000S\000e\000c\000o\000n\000d\000\040\000P\000r\000o\000p\000o\000s\000e\000d\000\040\000A\000p\000p\000r\000o\000a\000c\000h\000\040\000D\000e\000s\000c\000r\000i\000p\000t\000i\000o\000n}{section.2.2}% 21
\BOOKMARK [1][]{section.2.3}{\376\377\0002\000.\0003\000\040\000M\000a\000t\000h\000e\000m\000a\000t\000i\000c\000a\000l\000\040\000F\000o\000u\000n\000d\000a\000t\000i\000o\000n\000s\000\040\000f\000o\000r\000\040\000P\000A\0002}{chapter.2}% 22
\BOOKMARK [2][]{subsection.2.3.1}{\376\377\0002\000.\0003\000.\0001\000\040\000E\000m\000e\000r\000g\000i\000n\000g\000\040\000N\000e\000w\000\040\000C\000l\000a\000s\000s\000e\000s\000\040\000P\000h\000a\000s\000e\000\040\000D\000e\000s\000c\000r\000i\000p\000t\000i\000o\000n}{section.2.3}% 23
\BOOKMARK [1][]{section.2.4}{\376\377\0002\000.\0004\000\040\000E\000x\000p\000e\000r\000i\000m\000e\000n\000t\000a\000l\000\040\000R\000e\000s\000u\000l\000t\000s}{chapter.2}% 24
\BOOKMARK [2][]{subsection.2.4.1}{\376\377\0002\000.\0004\000.\0001\000\040\000E\000x\000p\000e\000r\000i\000m\000e\000n\000t\000a\000l\000\040\000S\000e\000t\000u\000p}{section.2.4}% 25
\BOOKMARK [2][]{subsection.2.4.2}{\376\377\0002\000.\0004\000.\0002\000\040\000D\000a\000t\000a\000\040\000S\000t\000r\000e\000a\000m\000s}{section.2.4}% 26
\BOOKMARK [2][]{subsection.2.4.3}{\376\377\0002\000.\0004\000.\0003\000\040\000C\000o\000m\000p\000a\000r\000e\000d\000\040\000A\000p\000p\000r\000o\000a\000c\000h\000e\000s}{section.2.4}% 27
\BOOKMARK [2][]{subsection.2.4.4}{\376\377\0002\000.\0004\000.\0004\000\040\000E\000x\000a\000m\000i\000n\000a\000t\000i\000o\000n\000\040\000o\000f\000\040\000E\000x\000p\000e\000r\000i\000m\000e\000n\000t\000a\000l\000\040\000F\000i\000n\000d\000i\000n\000g\000s}{section.2.4}% 28
\BOOKMARK [3][]{subsubsection.2.4.4.1}{\376\377\0002\000.\0004\000.\0004\000.\0001\000\040\000R\000e\000s\000u\000l\000t\000s\000\040\000O\000n\000\040\000T\000h\000e\000\040\000B\000e\000n\000c\000h\000m\000a\000r\000k\000\040\000D\000a\000t\000a\000s\000e\000t}{subsection.2.4.4}% 29
\BOOKMARK [3][]{subsubsection.2.4.4.2}{\376\377\0002\000.\0004\000.\0004\000.\0002\000\040\000R\000e\000s\000u\000l\000t\000s\000\040\000O\000n\000\040\000R\000e\000a\000l\000\040\000A\000p\000p\000l\000i\000c\000a\000t\000i\000o\000n\000\040\000S\000t\000r\000e\000a\000m}{subsection.2.4.4}% 30
\BOOKMARK [3][]{subsubsection.2.4.4.3}{\376\377\0002\000.\0004\000.\0004\000.\0003\000\040\000R\000e\000s\000u\000l\000t\000s\000\040\000O\000n\000\040\000S\000y\000n\000t\000h\000e\000t\000i\000c\000\040\000S\000t\000r\000e\000a\000m}{subsection.2.4.4}% 31
\BOOKMARK [2][]{subsection.2.4.5}{\376\377\0002\000.\0004\000.\0005\000\040\000R\000u\000n\000t\000i\000m\000e\000\040\000A\000n\000a\000l\000y\000s\000i\000s\000\040\000O\000f\000\040\000T\000h\000e\000\040\000B\000e\000s\000t\000\040\000A\000l\000g\000o\000r\000i\000t\000h\000m\000s}{section.2.4}% 32
\BOOKMARK [2][]{subsection.2.4.6}{\376\377\0002\000.\0004\000.\0006\000\040\000C\000o\000m\000p\000a\000r\000i\000s\000o\000n\000\040\000b\000e\000t\000w\000e\000e\000n\000\040\000G\000N\000B\000,\000\040\000K\000N\000N\000,\000\040\000a\000n\000d\000\040\000H\000T\000,\000\040\000S\000V\000C}{section.2.4}% 33
\BOOKMARK [2][]{subsection.2.4.7}{\376\377\0002\000.\0004\000.\0007\000\040\000C\000o\000m\000p\000a\000r\000i\000s\000o\000n\000\040\000b\000e\000t\000w\000e\000e\000n\000\040\000A\000D\000W\000I\000N\000\040\000a\000n\000d\000\040\000D\000D\000M}{section.2.4}% 34
\BOOKMARK [1][]{section.2.5}{\376\377\0002\000.\0005\000\040\000S\000u\000m\000m\000a\000r\000y}{chapter.2}% 35
\BOOKMARK [0][]{chapter.3}{\376\377\0003\000\040\000D\000y\000n\000a\000m\000i\000c\000\040\000C\000l\000a\000s\000s\000i\000f\000i\000c\000a\000t\000i\000o\000n\000\040\000E\000n\000s\000e\000m\000b\000l\000e\000s\000\040\000f\000o\000r\000\040\000H\000a\000n\000d\000l\000i\000n\000g\000\040\000I\000m\000b\000a\000l\000a\000n\000c\000e\000d\000\040\000M\000u\000l\000t\000i\000c\000l\000a\000s\000s\000\040\000D\000r\000i\000f\000t\000e\000d\000\040\000D\000a\000t\000a\000\040\000S\000t\000r\000e\000a\000m\000s}{}% 36
\BOOKMARK [1][]{section.3.1}{\376\377\0003\000.\0001\000\040\000M\000o\000t\000i\000v\000a\000t\000i\000o\000n\000s\000\040\000a\000n\000d\000\040\000C\000o\000n\000t\000r\000i\000b\000u\000t\000i\000o\000n\000s\000\040\000o\000f\000\040\000t\000h\000i\000s\000\040\000C\000h\000a\000p\000t\000e\000r}{chapter.3}% 37
\BOOKMARK [1][]{section.3.2}{\376\377\0003\000.\0002\000\040\000T\000h\000i\000r\000d\000\040\000P\000r\000o\000p\000o\000s\000e\000d\000\040\000M\000e\000t\000h\000o\000d\000o\000l\000o\000g\000y}{chapter.3}% 38
\BOOKMARK [2][]{subsection.3.2.1}{\376\377\0003\000.\0002\000.\0001\000\040\000H\000T\000L\000\040\000D\000e\000s\000c\000r\000i\000p\000t\000i\000o\000n}{section.3.2}% 39
\BOOKMARK [2][]{subsection.3.2.2}{\376\377\0003\000.\0002\000.\0002\000\040\000C\000l\000a\000s\000s\000i\000f\000i\000e\000r\000\040\000C\000r\000e\000a\000t\000i\000o\000n\000\040\000P\000h\000a\000s\000e\000\040\000D\000e\000s\000c\000r\000i\000p\000t\000i\000o\000n}{section.3.2}% 40
\BOOKMARK [1][]{section.3.3}{\376\377\0003\000.\0003\000\040\000M\000a\000t\000h\000e\000m\000a\000t\000i\000c\000a\000l\000\040\000F\000o\000u\000n\000d\000a\000t\000i\000o\000n\000s\000\040\000o\000f\000\040\000t\000h\000e\000\040\000H\000T\000L}{chapter.3}% 41
\BOOKMARK [2][]{subsection.3.3.1}{\376\377\0003\000.\0003\000.\0001\000\040\000H\000T\000L\000\040\000A\000l\000g\000o\000r\000i\000t\000h\000m\000\040\000D\000e\000s\000c\000r\000i\000p\000t\000i\000o\000n}{section.3.3}% 42
\BOOKMARK [1][]{section.3.4}{\376\377\0003\000.\0004\000\040\000E\000x\000p\000e\000r\000i\000m\000e\000n\000t\000a\000l\000\040\000R\000e\000s\000u\000l\000t\000s}{chapter.3}% 43
\BOOKMARK [2][]{subsection.3.4.1}{\376\377\0003\000.\0004\000.\0001\000\040\000E\000x\000p\000e\000r\000i\000m\000e\000n\000t\000a\000l\000\040\000s\000e\000t\000u\000p}{section.3.4}% 44
\BOOKMARK [3][]{subsubsection.3.4.1.1}{\376\377\0003\000.\0004\000.\0001\000.\0001\000\040\000D\000a\000t\000a\000\040\000S\000t\000r\000e\000a\000m\000s}{subsection.3.4.1}% 45
\BOOKMARK [3][]{subsubsection.3.4.1.2}{\376\377\0003\000.\0004\000.\0001\000.\0002\000\040\000C\000o\000m\000p\000a\000r\000e\000d\000\040\000A\000p\000p\000r\000o\000a\000c\000h\000e\000s}{subsection.3.4.1}% 46
\BOOKMARK [2][]{subsection.3.4.2}{\376\377\0003\000.\0004\000.\0002\000\040\000A\000n\000a\000l\000y\000s\000i\000s\000\040\000o\000f\000\040\000E\000x\000p\000e\000r\000i\000m\000e\000n\000t\000a\000l\000\040\000R\000e\000s\000u\000l\000t\000s}{section.3.4}% 47
\BOOKMARK [3][]{subsubsection.3.4.2.1}{\376\377\0003\000.\0004\000.\0002\000.\0001\000\040\000R\000e\000s\000u\000l\000t\000s\000\040\000o\000n\000\040\000T\000a\000r\000g\000e\000t\000\040\000D\000o\000m\000a\000i\000n\000s\000\040\000D\000a\000t\000a\000s\000e\000t\000\040\000w\000i\000t\000h\000o\000u\000t\000\040\000S\000o\000u\000r\000c\000e\000\040\000D\000o\000m\000a\000i\000n}{subsection.3.4.2}% 48
\BOOKMARK [3][]{subsubsection.3.4.2.2}{\376\377\0003\000.\0004\000.\0002\000.\0002\000\040\000R\000e\000s\000u\000l\000t\000s\000\040\000o\000n\000\040\000t\000h\000e\000\040\000H\000o\000m\000o\000g\000e\000n\000e\000o\000u\000s\000\040\000S\000o\000u\000r\000c\000e\000\040\000D\000o\000m\000a\000i\000n\000s\000\040\000D\000a\000t\000a\000s\000e\000t}{subsection.3.4.2}% 49
\BOOKMARK [3][]{subsubsection.3.4.2.3}{\376\377\0003\000.\0004\000.\0002\000.\0003\000\040\000R\000e\000s\000u\000l\000t\000s\000\040\000o\000n\000\040\000O\000n\000e\000\040\000H\000e\000t\000e\000r\000o\000g\000e\000n\000e\000o\000u\000s\000\040\000S\000o\000u\000r\000c\000e\000\040\000D\000o\000m\000a\000i\000n}{subsection.3.4.2}% 50
\BOOKMARK [3][]{subsubsection.3.4.2.4}{\376\377\0003\000.\0004\000.\0002\000.\0004\000\040\000R\000e\000s\000u\000l\000t\000s\000\040\000o\000n\000\040\000A\000l\000l\000\040\000H\000e\000t\000e\000r\000o\000g\000e\000n\000e\000o\000u\000s\000\040\000a\000n\000d\000\040\000C\000o\000v\000e\000r\000t\000y\000p\000e\000\040\000a\000s\000\040\000t\000h\000e\000\040\000T\000a\000r\000g\000e\000t\000\040\000D\000o\000m\000a\000i\000n}{subsection.3.4.2}% 51
\BOOKMARK [3][]{subsubsection.3.4.2.5}{\376\377\0003\000.\0004\000.\0002\000.\0005\000\040\000R\000e\000s\000u\000l\000t\000s\000\040\000o\000n\000\040\000O\000n\000e\000\040\000H\000e\000t\000e\000r\000o\000g\000e\000n\000e\000o\000u\000s\000\040\000S\000o\000u\000r\000c\000e\000\040\000D\000o\000m\000a\000i\000n}{subsection.3.4.2}% 52
\BOOKMARK [2][]{subsection.3.4.3}{\376\377\0003\000.\0004\000.\0003\000\040\000A\000n\000a\000l\000y\000s\000i\000s\000\040\000R\000u\000n\000t\000i\000m\000e\000\040\000b\000e\000t\000w\000e\000e\000n\000\040\000C\000O\000R\000A\000L\000,\000\040\000C\000D\000T\000L\000,\000\040\000a\000n\000d\000\040\000H\000T\000L\000\040\000T\000e\000c\000h\000n\000i\000q\000u\000e\000s}{section.3.4}% 53
\BOOKMARK [2][]{subsection.3.4.4}{\376\377\0003\000.\0004\000.\0004\000\040\000A\000n\000a\000l\000y\000s\000i\000s\000\040\000p\000e\000r\000f\000o\000r\000m\000a\000n\000c\000e\000\040\000a\000n\000d\000\040\000r\000u\000n\000t\000i\000m\000e\000\040\000o\000f\000\040\000H\000T\000L\000\040\000f\000o\000r\000\040\000o\000n\000l\000i\000n\000e\000\040\000l\000e\000a\000r\000n\000i\000n\000g\000\040\000a\000n\000d\000\040\000c\000h\000u\000n\000k\000-\000b\000a\000s\000e\000d\000\040\000c\000o\000n\000c\000e\000p\000t\000\040\000d\000r\000i\000f\000t}{section.3.4}% 54
\BOOKMARK [0][]{chapter.4}{\376\377\0004\000\040\000C\000o\000n\000c\000l\000u\000s\000i\000o\000n\000s\000\040\000a\000n\000d\000\040\000F\000u\000t\000u\000r\000e\000\040\000W\000o\000r\000k}{}% 55
\BOOKMARK [1][]{section.4.1}{\376\377\0004\000.\0001\000\040\000C\000o\000n\000c\000l\000u\000s\000i\000o\000n\000s}{chapter.4}% 56
\BOOKMARK [1][]{section.4.2}{\376\377\0004\000.\0002\000\040\000F\000u\000t\000u\000r\000e\000\040\000W\000o\000r\000k}{chapter.4}% 57
