INFO:  ANSI Code Page: 1252
INFO:  latexindent.exe version 3.24.4, 2024-07-18, a script to indent .tex files
       latexindent.exe lives here: C:/texlive/2024/bin/windows/
       Tue Aug  6 02:06:34 2024
       Filename: x:\Ahmed\faculty\phd_implementation\Amgad Thesis (with grammar) (Ahmed Madkour)\4_Taxonomy\4_Proposed.tex
INFO:  Processing switches:
INFO:  Directory for backup files and log file indent.log:
       x:\Ahmed\faculty\phd_implementation\Amgad Thesis (with grammar) (Ahmed Madkour)\4_Taxonomy
INFO:  YAML settings read: defaultSettings.yaml
       Reading defaultSettings.yaml from C:/texlive/2024/bin/windows/defaultSettings.yaml
       Reading defaultSettings.yaml (2nd attempt) from C:/texlive/2024/bin/windows/../../texmf-dist/scripts/latexindent/defaultSettings.yaml
       and then, if necessary, C:/texlive/2024/bin/windows/LatexIndent/defaultSettings.yaml
INFO:  YAML reading settings
       Home directory is C:\Users\madkour
       latexindent.pl didn't find indentconfig.yaml or .indentconfig.yaml
       see all possible locations: https://latexindentpl.readthedocs.io/en/latest/sec-appendices.html#indentconfig-options)
INFO:  Phase 1: searching for objects
INFO:  Phase 2: finding surrounding indentation
INFO:  Phase 3: indenting objects
INFO:  Phase 4: final indentation check
INFO:  Output routine:
       Not outputting to file; see -w and -o switches for more options.
       --------------
INFO:  Please direct all communication/issues to:
        https://github.com/cmhughes/latexindent.pl
